-------------------------------------------------------------------------------
Test set: Test Amazon Home Page #1
-------------------------------------------------------------------------------
Tests run: 1, Failures: 0, Errors: 1, Skipped: 0, Time elapsed: 0.142 s <<< FAILURE! - in Test Amazon Home Page #1
First Home Page Test Case(Test Amazon Home Page #1)  Time elapsed: 0.142 s  <<< ERROR!
io.cucumber.core.runner.DuplicateStepDefinitionException: Duplicate step definitions in StepDefPackage.Amazon.User_will_navigate_back_to_HomePage() and StepDefPackage.Amazon1.User_will_navigate_back_to_HomePage()

